<?xml version="1.0" encoding="UTF-8"?>
<!-- Generated by org.testng.reporters.JUnitReportReporter -->
<testsuite hostname="Tims-iMac.local" name="tests.LoginTests" tests="1" failures="0" timestamp="14 Jul 2016 11:51:02 GMT" time="0.001" errors="0">
  <testcase name="testOne" time="0.001" classname="tests.LoginTests"/>
</testsuite> <!-- tests.LoginTests -->
