<?xml version="1.0" encoding="UTF-8"?>
<!-- Generated by org.testng.reporters.JUnitReportReporter -->
<testsuite hostname="Tims-iMac.local" name="engage.pages.HomePageTest" tests="1" failures="0" timestamp="14 Jul 2016 10:30:37 GMT" time="2.068" errors="0">
  <testcase name="testH1Existing" time="2.068" classname="engage.pages.HomePageTest"/>
</testsuite> <!-- engage.pages.HomePageTest -->
